Installing all components.
InstallingComponents was successful.

ELASTIX version: 5.000
Command line options from ElastixBase:
-fMask    unspecified, so no fixed mask used
-mMask    unspecified, so no moving mask used
-out      ./
-priority unspecified, so NORMAL process priority
-threads  unspecified, so all available threads are used
WARNING: The parameter "UseDirectionCosines", requested at entry number 0, does not exist at all.
  The default value "true" is used instead.

WARNING: The option "UseDirectionCosines" was not found in your parameter file.
  From elastix 4.8 it defaults to true!
This may change the behavior of your registrations considerably.

Command line options from TransformBase:
-t0       unspecified, so no initial transform used

Reading images...
Reading images took 0 ms.

WARNING: the fixed pyramid schedule is not fully specified!
  A default pyramid schedule is used.
WARNING: the moving pyramid schedule is not fully specified!
  A default pyramid schedule is used.
WARNING: The parameter "AutomaticTransformInitialization", requested at entry number 0, does not exist at all.
  The default value "false" is used instead.
WARNING: The parameter "AutomaticTransformInitializationMethod", requested at entry number 0, does not exist at all.
  The default value "GeometricalCenter" is used instead.
Transform parameters are initialized as: [0, 0, 0]
Scales are estimated automatically.
Scales for transform parameters are: [11092.5, 1, 1]
Initialization of all components (before registration) took: 2 ms.
Preparation of the image pyramids took: 7 ms.

Resolution: 0
WARNING: The parameter "ShowExactMetricValue", requested at entry number 0, does not exist at all.
  The default value "false" is used instead.
WARNING: The parameter "UseMultiThreadingForMetrics", requested at entry number 0, does not exist at all.
  The default value "true" is used instead.
Setting the fixed masks took: 0 ms.
Setting the moving masks took: 0 ms.
WARNING: The parameter "FixedImageBSplineInterpolationOrder", requested at entry number 0, does not exist at all.
  The default value "1" is used instead.
WARNING: The parameter "UseRandomSampleRegion", requested at entry number 0, does not exist at all.
  The default value "false" is used instead.
WARNING: The parameter "NumberOfHistogramBins", requested at entry number 0, does not exist at all.
  The default value "32" is used instead.
WARNING: The parameter "NumberOfFixedHistogramBins", requested at entry number 0, does not exist at all.
  The default value "32" is used instead.
WARNING: The parameter "NumberOfMovingHistogramBins", requested at entry number 0, does not exist at all.
  The default value "32" is used instead.
WARNING: The parameter "FixedLimitRangeRatio", requested at entry number 0, does not exist at all.
  The default value "0.01" is used instead.
WARNING: The parameter "MovingLimitRangeRatio", requested at entry number 0, does not exist at all.
  The default value "0.01" is used instead.
WARNING: The parameter "FixedKernelBSplineOrder", requested at entry number 0, does not exist at all.
  The default value "0" is used instead.
WARNING: The parameter "MovingKernelBSplineOrder", requested at entry number 0, does not exist at all.
  The default value "3" is used instead.
WARNING: The parameter "UseFastAndLowMemoryVersion", requested at entry number 0, does not exist at all.
  The default value "true" is used instead.
WARNING: The parameter "UseJacobianPreconditioning", requested at entry number 0, does not exist at all.
  The default value "false" is used instead.
WARNING: The parameter "FiniteDifferenceDerivative", requested at entry number 0, does not exist at all.
  The default value "false" is used instead.
WARNING: The parameter "SP_A", requested at entry number 0, does not exist at all.
  The default value "20" is used instead.

WARNING: You have set MaximumNumberOfSamplingAttempts to 8.
  This functionality is known to cause problems (stack overflow) for large values.
  If elastix stops or segfaults for no obvious reason, reduce this value.
  You may select the RandomSparseMask image sampler to fix mask-related problems.

WARNING: The parameter "SigmoidInitialTime", requested at entry number 0, does not exist at all.
  The default value "0" is used instead.
WARNING: The parameter "MaxBandCovSize", requested at entry number 0, does not exist at all.
  The default value "192" is used instead.
WARNING: The parameter "NumberOfBandStructureSamples", requested at entry number 0, does not exist at all.
  The default value "10" is used instead.
WARNING: The parameter "UseAdaptiveStepSizes", requested at entry number 0, does not exist at all.
  The default value "true" is used instead.
WARNING: The parameter "UseConstantStep", requested at entry number 0, does not exist at all.
  The default value "false" is used instead.
WARNING: The parameter "MaximumStepLengthRatio", requested at entry number 0, does not exist at all.
  The default value "1" is used instead.
WARNING: The parameter "MaximumStepLength", requested at entry number 0, does not exist at all.
  The default value "1" is used instead.
WARNING: The parameter "NumberOfGradientMeasurements", requested at entry number 0, does not exist at all.
  The default value "0" is used instead.
WARNING: The parameter "NumberOfJacobianMeasurements", requested at entry number 0, does not exist at all.
  The default value "1000" is used instead.
WARNING: The parameter "SigmoidScaleFactor", requested at entry number 0, does not exist at all.
  The default value "0.1" is used instead.
Elastix initialization of all components (for this resolution) took: 0 ms.
  Computing the fixed image extrema took 0 ms.
  Computing the moving image extrema took 0 ms.
Initialization of AdvancedMattesMutualInformation metric took: 1 ms.
Starting automatic parameter estimation for AdaptiveStochasticGradientDescent ...
WARNING: The parameter "ASGDParameterEstimationMethod", requested at entry number 0, does not exist at all.
  The default value "Original" is used instead.
  Computing JacobianTerms ...
  Computing the Jacobian terms took 0.000489s
  NumberOfGradientMeasurements to estimate sigma_i: 11
  Sampling gradients ...
  Sampling the gradients took 0.022296s
Automatic parameter estimation took 0.02s
1:ItNr	2:Metric	3a:Time	3b:StepSize	4:||Gradient||	Time[ms]
0	-0.609288	0.000000	35.287276	0.009821	26.1
1	-0.579448	0.000000	35.287276	0.009768	1.0
2	-0.604180	0.000000	35.287276	0.005023	1.0
3	-0.593270	0.000000	35.287276	0.003871	1.2
4	-0.595782	0.568497	34.357183	0.006265	1.2
5	-0.594755	0.428347	34.581893	0.004235	1.3
6	-0.609914	0.288197	34.809562	0.006931	1.2
7	-0.643028	0.148046	35.040248	0.012720	1.0
8	-0.618758	0.007896	35.274013	0.006209	1.1
9	-0.591965	0.000000	35.287276	0.008837	1.1
10	-0.616686	0.000000	35.287276	0.004610	1.1
11	-0.577734	0.000000	35.287276	0.006973	1.1
12	-0.620371	0.000000	35.287276	0.003458	1.0
13	-0.583895	0.000000	35.287276	0.005196	1.0
14	-0.596828	0.000000	35.287276	0.004377	1.0
15	-0.612352	0.861608	33.896536	0.006649	1.0
16	-0.630127	1.771659	32.541889	0.006846	0.9
17	-0.614443	1.631509	32.743411	0.003081	1.0
18	-0.591270	2.631460	31.357893	0.007804	1.1
19	-0.632977	2.552803	31.462615	0.009109	1.2
20	-0.600005	2.412653	31.650953	0.007211	1.2
21	-0.622008	2.272503	31.841559	0.004891	1.0
22	-0.633192	3.272240	30.530054	0.006800	0.9
23	-0.596806	4.259720	29.336541	0.005439	1.0
24	-0.616730	4.119569	29.500219	0.002410	1.0
25	-0.619249	3.979419	29.665733	0.004079	1.0
26	-0.640055	3.971222	29.675472	0.009271	1.1
27	-0.612204	4.971222	28.532843	0.005873	1.0
28	-0.640761	5.450535	28.015796	0.003847	1.1
29	-0.600503	5.310384	28.165031	0.008770	1.0
30	-0.613474	5.170234	28.315864	0.003903	1.1
31	-0.631368	5.788055	27.662807	0.006021	1.0
32	-0.667807	5.647905	27.808295	0.005502	1.1
33	-0.639193	6.512998	26.933916	0.008238	1.0
34	-0.624704	7.512998	25.989297	0.007037	1.1
35	-0.623546	7.374323	26.116317	0.003286	1.1
36	-0.628942	7.234172	26.245954	0.010325	1.0
37	-0.642392	7.094273	26.376650	0.006935	1.2
38	-0.593782	6.954123	26.508891	0.008808	1.0
39	-0.633881	7.954122	25.593343	0.007629	1.0
40	-0.641933	7.815885	25.716121	0.005552	1.1
41	-0.612405	7.675734	25.841807	0.004727	1.0
42	-0.629465	7.535584	25.968727	0.008940	1.0
43	-0.638188	7.395434	26.096900	0.010589	1.0
44	-0.659898	8.394833	25.209627	0.006024	0.8
45	-0.632080	8.254683	25.330399	0.008517	1.0
46	-0.633446	9.240111	24.504963	0.011156	1.0
47	-0.614697	9.099960	24.619062	0.004651	1.0
48	-0.591671	9.750690	24.098087	0.006360	0.9
49	-0.639683	9.610540	24.208420	0.007724	1.0
50	-0.632313	9.470389	24.319768	0.003202	1.0
51	-0.593201	9.330239	24.432145	0.007237	1.0
52	-0.628118	10.321575	23.658861	0.009581	0.9
53	-0.615230	10.181424	23.765200	0.002131	1.1
54	-0.647304	10.041274	23.872499	0.007948	1.0
55	-0.651753	10.925277	23.211476	0.003982	1.0
56	-0.604686	10.785130	23.313819	0.008816	1.0
57	-0.612748	11.163734	23.039390	0.002993	1.0
58	-0.659031	11.023583	23.140221	0.006374	0.9
59	-0.616178	10.883433	23.241938	0.005068	1.0
60	-0.663782	10.743284	23.344554	0.007557	0.9
61	-0.598301	10.603134	23.448080	0.006465	1.1
62	-0.663126	11.603134	22.728882	0.002476	1.0
63	-0.673320	11.462984	22.827008	0.005948	1.0
64	-0.639813	11.322837	22.925982	0.004097	1.0
65	-0.632376	11.182687	23.025821	0.008650	1.0
66	-0.679599	11.042537	23.126533	0.005040	0.9
67	-0.645479	10.902550	23.228011	0.007357	1.0
68	-0.618829	10.762399	23.330504	0.005910	1.0
69	-0.622431	10.622249	23.433905	0.003832	1.0
70	-0.620191	10.482099	23.538227	0.002802	1.0
71	-0.654922	11.168912	23.035681	0.005294	0.9
72	-0.602313	11.029861	23.135686	0.005351	1.0
73	-0.684407	10.889710	23.237363	0.006655	0.9
74	-0.632294	10.772307	23.323229	0.005028	0.9
75	-0.648061	10.632157	23.426565	0.004437	0.9
76	-0.633110	10.492008	23.530820	0.005642	0.8
77	-0.641891	11.491998	22.806624	0.004575	1.0
78	-0.660001	11.351848	22.905424	0.007601	0.9
79	-0.632588	11.211698	23.005083	0.003591	1.1
80	-0.627258	11.765924	22.615959	0.004307	1.0
81	-0.616101	11.625774	22.713110	0.006922	1.1
82	-0.666166	11.485624	22.811099	0.010671	1.0
83	-0.681687	11.345474	22.909938	0.004739	1.1
84	-0.644286	11.205324	23.009636	0.003619	0.9
85	-0.644354	12.204561	22.317199	0.004569	1.0
86	-0.651841	13.204084	21.665038	0.009400	1.0
87	-0.647996	14.204084	21.049626	0.004849	0.9
88	-0.646875	14.063934	21.133761	0.006244	0.9
89	-0.618936	13.928689	21.215592	0.005023	1.1
90	-0.624768	14.928689	20.625100	0.003660	0.9
91	-0.652828	14.788934	20.705640	0.005507	1.0
92	-0.657060	14.648784	20.787042	0.005836	1.0
93	-0.639568	14.508634	20.869087	0.006081	1.0
94	-0.647687	14.368586	20.951722	0.005479	1.0
95	-0.654441	14.228436	21.035075	0.006137	1.0
96	-0.639264	14.088286	21.119093	0.009183	1.0
97	-0.660280	15.088286	20.533887	0.007794	1.0
98	-0.620973	16.088286	19.980238	0.005085	0.9
99	-0.651925	15.948136	20.056026	0.006541	1.1
100	-0.644155	16.948134	19.527516	0.003330	1.0
101	-0.673907	17.948134	19.026143	0.005045	1.0
102	-0.680267	18.088142	18.957995	0.005437	1.0
103	-0.648546	17.947992	19.026213	0.011363	1.0
104	-0.644168	17.807841	19.094924	0.006189	1.0
105	-0.662271	18.807841	18.615247	0.005986	1.0
106	-0.634765	18.667691	18.681016	0.006772	1.1
107	-0.664666	19.644360	18.232119	0.010698	1.1
108	-0.691029	20.644360	17.794313	0.002339	1.1
109	-0.631988	21.644360	17.377041	0.007307	1.0
110	-0.628209	22.491768	17.038461	0.002995	1.0
111	-0.637323	22.352185	17.093321	0.004730	1.0
112	-0.690137	23.351150	16.708310	0.004995	1.0
113	-0.652854	23.211000	16.761276	0.002267	1.0
114	-0.627712	23.449409	16.671376	0.003417	1.0
115	-0.661778	23.313931	16.722344	0.009137	0.9
116	-0.706612	24.313878	16.353330	0.007263	1.0
117	-0.673479	25.313878	16.000232	0.006732	1.0
118	-0.675683	26.313878	15.662060	0.007278	0.9
119	-0.637618	26.173728	15.708591	0.003142	1.0
120	-0.661810	27.173711	15.382514	0.004478	1.0
121	-0.660463	27.034471	15.427104	0.004006	0.9
122	-0.672892	26.894391	15.472225	0.004156	1.0
123	-0.647382	26.754241	15.517633	0.004168	1.0
124	-0.649821	26.732320	15.524759	0.001976	1.1
125	-0.628372	26.592472	15.570378	0.003651	1.0
126	-0.632042	26.496062	15.601984	0.005827	0.9
127	-0.662695	27.496002	15.280286	0.002569	1.0
128	-0.662951	27.355862	15.324570	0.004040	1.1
129	-0.634692	28.347860	15.016513	0.005106	1.0
130	-0.645014	28.207713	15.059281	0.002736	1.0
131	-0.640213	28.067564	15.102294	0.006445	1.1
132	-0.663312	28.937348	14.839250	0.002539	1.0
133	-0.693854	28.797642	14.880881	0.007298	1.1
134	-0.663991	28.657492	14.922880	0.003261	1.0
135	-0.605982	28.517343	14.965116	0.005101	1.0
136	-0.675451	29.455099	14.686975	0.008101	1.0
137	-0.647583	29.749247	14.601848	0.003333	1.0
138	-0.666595	29.609106	14.642282	0.003351	0.9
139	-0.653080	29.468961	14.682941	0.006493	0.9
140	-0.679589	30.322360	14.438790	0.003920	0.9
141	-0.659418	31.273354	14.176109	0.008178	1.0
142	-0.665228	31.133204	14.214219	0.004803	0.9
143	-0.645978	32.133203	13.946699	0.001755	0.9
144	-0.671916	32.068728	13.963643	0.009503	1.1
145	-0.684125	31.928579	14.000617	0.004832	1.0
146	-0.661654	31.788431	14.037788	0.009629	1.0
147	-0.628635	32.788431	13.776806	0.007361	1.0
148	-0.673983	32.669133	13.807430	0.008159	1.0
149	-0.657732	32.528982	13.843581	0.007827	1.0
150	-0.633583	32.388832	13.879921	0.007206	1.0
151	-0.635862	32.248682	13.916453	0.008605	1.0
152	-0.658987	33.248682	13.659922	0.008472	0.9
153	-0.652314	34.248682	13.412678	0.010550	1.1
154	-0.648261	35.248682	13.174225	0.007125	1.2
155	-0.674661	35.108532	13.207132	0.003411	1.3
156	-0.650058	34.968383	13.240204	0.009801	1.3
157	-0.652191	35.968358	13.007796	0.002767	1.2
158	-0.678977	36.968358	12.783401	0.004255	1.1
159	-0.694107	36.828208	12.814383	0.002881	1.1
160	-0.659076	36.752315	12.831222	0.004914	1.1
161	-0.666903	37.539737	12.658629	0.007340	1.1
162	-0.632271	37.399587	12.689007	0.002626	1.2
163	-0.629956	38.354966	12.484765	0.005466	1.1
164	-0.634388	38.684718	12.415788	0.003088	0.9
165	-0.679615	38.544570	12.445010	0.006415	1.1
166	-0.680814	38.404419	12.474371	0.002613	1.0
167	-0.696550	38.264269	12.503871	0.007217	1.1
168	-0.691467	39.264215	12.296398	0.003526	1.2
169	-0.687918	39.124067	12.325061	0.014556	1.0
170	-0.671139	40.124067	12.123421	0.006342	0.9
171	-0.659662	39.983917	12.151282	0.005754	1.2
172	-0.657468	40.983917	11.955243	0.007368	1.2
173	-0.683609	40.843767	11.982336	0.004148	1.4
174	-0.624453	40.703617	12.009552	0.005324	1.1
175	-0.680156	40.563466	12.036892	0.004608	1.2
176	-0.699938	40.423316	12.064357	0.005300	1.0
177	-0.672379	40.283166	12.091947	0.002617	1.0
178	-0.671823	41.282871	11.897859	0.005246	0.9
179	-0.625474	41.142721	11.924692	0.007167	1.1
180	-0.661611	41.002903	11.951582	0.007801	1.0
181	-0.669077	42.002903	11.761883	0.003869	1.2
182	-0.682744	42.546696	11.661232	0.010881	1.1
183	-0.682277	42.407574	11.686818	0.004233	1.1
184	-0.660955	42.267424	11.712707	0.003091	1.2
185	-0.650045	42.127286	11.738708	0.001181	1.3
186	-0.678333	41.999601	11.762500	0.006976	1.2
187	-0.634566	41.860330	11.788560	0.005175	1.1
188	-0.650054	41.789779	11.801806	0.009293	1.2
189	-0.676572	41.649629	11.828207	0.012019	1.1
190	-0.650616	41.509478	11.854727	0.006610	1.1
191	-0.713492	41.369328	11.881366	0.005936	1.2
192	-0.631459	42.369328	11.693872	0.004045	1.1
193	-0.668467	43.316113	11.521728	0.003867	1.2
194	-0.652454	43.181701	11.545858	0.003368	1.2
195	-0.648405	43.041580	11.571120	0.004697	1.2
196	-0.654598	43.424046	11.502425	0.007829	1.1
197	-0.669803	43.383427	11.509682	0.004900	1.0
198	-0.635552	43.283734	11.527532	0.009108	1.0
199	-0.703299	44.283734	11.350956	0.002918	1.2
200	-0.681106	45.283733	11.179708	0.002146	1.4
201	-0.671188	45.163135	11.200086	0.004197	1.4
202	-0.650202	45.032972	11.222163	0.005108	1.3
203	-0.676507	44.892822	11.246032	0.004660	1.2
204	-0.680950	44.752671	11.270003	0.006754	1.2
205	-0.679822	45.748942	11.101791	0.003809	1.0
206	-0.667123	45.608792	11.125150	0.003423	1.4
207	-0.642645	46.608173	10.960698	0.011298	1.1
208	-0.666932	46.468024	10.983467	0.001991	1.0
209	-0.676909	47.468024	10.823049	0.003462	1.2
210	-0.697902	48.105568	10.723199	0.007715	1.2
211	-0.634592	47.965421	10.744990	0.003830	1.1
212	-0.650828	47.825271	10.766871	0.003954	1.6
213	-0.692883	47.738775	10.780419	0.004887	1.5
214	-0.625857	47.598631	10.802443	0.006045	1.1
215	-0.625570	47.458565	10.824545	0.008891	1.1
216	-0.691059	47.318414	10.846750	0.006488	1.0
217	-0.629415	48.318414	10.690273	0.008769	1.1
218	-0.673260	49.318414	10.538247	0.004732	1.0
219	-0.678254	50.001552	10.436853	0.004099	0.9
220	-0.688978	49.861402	10.457495	0.004298	1.0
221	-0.682440	49.721251	10.478219	0.003918	1.2
222	-0.703681	50.721245	10.332124	0.001502	1.1
223	-0.697921	50.598591	10.349824	0.009696	1.0
224	-0.658361	50.458672	10.370089	0.004624	1.0
225	-0.634766	51.458672	10.226972	0.007232	1.0
226	-0.644021	51.318521	10.246791	0.003496	1.0
227	-0.661940	51.178371	10.266688	0.011550	1.0
228	-0.687219	52.178371	10.126391	0.005783	1.1
229	-0.698706	53.178371	9.989877	0.003620	1.3
230	-0.708213	53.038311	10.008775	0.007401	1.1
231	-0.673852	54.014383	9.878543	0.004590	1.1
232	-0.658563	53.874232	9.897034	0.007268	1.0
233	-0.671255	54.874232	9.766594	0.004154	0.9
234	-0.655128	54.734806	9.784574	0.004496	1.0
235	-0.687539	54.594656	9.802714	0.005727	0.9
236	-0.728170	55.594656	9.674732	0.003758	1.0
237	-0.690373	55.454506	9.692467	0.002451	1.1
238	-0.665789	55.315072	9.710176	0.002612	1.0
239	-0.646675	55.195434	9.725423	0.003447	1.1
240	-0.684705	56.194385	9.599569	0.004518	1.0
241	-0.682406	56.054238	9.617028	0.012287	1.0
242	-0.670471	55.914087	9.634552	0.003560	1.1
243	-0.722568	55.773937	9.652140	0.007423	0.9
244	-0.683041	56.773937	9.528035	0.005453	1.1
245	-0.663426	56.633787	9.545236	0.003794	1.1
246	-0.652029	56.493637	9.562499	0.005345	1.1
247	-0.660448	56.357861	9.579282	0.005274	1.0
248	-0.650711	56.217711	9.596669	0.006535	1.0
249	-0.641750	56.077561	9.614118	0.002890	1.1
250	-0.670822	57.077470	9.490994	0.010480	1.1
251	-0.662997	56.937319	9.508061	0.007256	1.0
252	-0.679652	57.937319	9.387610	0.009963	1.1
253	-0.656269	57.797169	9.404307	0.003226	1.2
254	-0.656937	57.657019	9.421064	0.005552	1.2
255	-0.608834	58.657019	9.302793	0.003393	1.0
Time spent in resolution 0 (ITK initialization and iterating): 0.314 s.
Stopping condition: Maximum number of iterations has been reached.
Settings of AdaptiveStochasticGradientDescent in resolution 0:
( SP_a 741.032789 )
( SP_A 20.000000 )
( SP_alpha 1.000000 )
( SigmoidMax 1.000000 )
( SigmoidMin -0.140150 )
( SigmoidScale 0.000001 )


Resolution: 1
WARNING: The parameter "ShowExactMetricValue", requested at entry number 1, does not exist at all.
  The default value "false" is used instead.
WARNING: The parameter "UseMultiThreadingForMetrics", requested at entry number 1, does not exist at all.
  The default value "true" is used instead.
Setting the fixed masks took: 0 ms.
Setting the moving masks took: 0 ms.
WARNING: The parameter "FixedImageBSplineInterpolationOrder", requested at entry number 1, does not exist at all.
  The default value "1" is used instead.
WARNING: The parameter "UseRandomSampleRegion", requested at entry number 1, does not exist at all.
  The default value "false" is used instead.
WARNING: The parameter "NumberOfHistogramBins", requested at entry number 1, does not exist at all.
  The default value "32" is used instead.
WARNING: The parameter "NumberOfFixedHistogramBins", requested at entry number 1, does not exist at all.
  The default value "32" is used instead.
WARNING: The parameter "NumberOfMovingHistogramBins", requested at entry number 1, does not exist at all.
  The default value "32" is used instead.
WARNING: The parameter "FixedLimitRangeRatio", requested at entry number 1, does not exist at all.
  The default value "0.01" is used instead.
WARNING: The parameter "MovingLimitRangeRatio", requested at entry number 1, does not exist at all.
  The default value "0.01" is used instead.
WARNING: The parameter "FixedKernelBSplineOrder", requested at entry number 1, does not exist at all.
  The default value "0" is used instead.
WARNING: The parameter "MovingKernelBSplineOrder", requested at entry number 1, does not exist at all.
  The default value "3" is used instead.
WARNING: The parameter "UseFastAndLowMemoryVersion", requested at entry number 1, does not exist at all.
  The default value "true" is used instead.
WARNING: The parameter "UseJacobianPreconditioning", requested at entry number 1, does not exist at all.
  The default value "false" is used instead.
WARNING: The parameter "FiniteDifferenceDerivative", requested at entry number 1, does not exist at all.
  The default value "false" is used instead.
WARNING: The parameter "SP_A", requested at entry number 1, does not exist at all.
  The default value "20" is used instead.

WARNING: You have set MaximumNumberOfSamplingAttempts to 8.
  This functionality is known to cause problems (stack overflow) for large values.
  If elastix stops or segfaults for no obvious reason, reduce this value.
  You may select the RandomSparseMask image sampler to fix mask-related problems.

WARNING: The parameter "SigmoidInitialTime", requested at entry number 1, does not exist at all.
  The default value "0" is used instead.
WARNING: The parameter "MaxBandCovSize", requested at entry number 1, does not exist at all.
  The default value "192" is used instead.
WARNING: The parameter "NumberOfBandStructureSamples", requested at entry number 1, does not exist at all.
  The default value "10" is used instead.
WARNING: The parameter "UseAdaptiveStepSizes", requested at entry number 1, does not exist at all.
  The default value "true" is used instead.
WARNING: The parameter "UseConstantStep", requested at entry number 1, does not exist at all.
  The default value "false" is used instead.
WARNING: The parameter "MaximumStepLengthRatio", requested at entry number 1, does not exist at all.
  The default value "1" is used instead.
WARNING: The parameter "MaximumStepLength", requested at entry number 1, does not exist at all.
  The default value "1" is used instead.
WARNING: The parameter "NumberOfGradientMeasurements", requested at entry number 1, does not exist at all.
  The default value "0" is used instead.
WARNING: The parameter "NumberOfJacobianMeasurements", requested at entry number 1, does not exist at all.
  The default value "1000" is used instead.
WARNING: The parameter "SigmoidScaleFactor", requested at entry number 1, does not exist at all.
  The default value "0.1" is used instead.
Elastix initialization of all components (for this resolution) took: 0 ms.
  Computing the fixed image extrema took 0 ms.
  Computing the moving image extrema took 0 ms.
Initialization of AdvancedMattesMutualInformation metric took: 0 ms.
Starting automatic parameter estimation for AdaptiveStochasticGradientDescent ...
WARNING: The parameter "ASGDParameterEstimationMethod", requested at entry number 0, does not exist at all.
  The default value "Original" is used instead.
  Computing JacobianTerms ...
  Computing the Jacobian terms took 0.000475s
  NumberOfGradientMeasurements to estimate sigma_i: 11
  Sampling gradients ...
  Sampling the gradients took 0.020901s
Automatic parameter estimation took 0.02s
1:ItNr	2:Metric	3a:Time	3b:StepSize	4:||Gradient||	Time[ms]
0	-0.604630	0.000000	11.103240	0.002168	23.5
1	-0.583688	0.000000	11.103240	0.013231	1.1
2	-0.547384	0.438348	10.876213	0.008885	1.0
3	-0.566234	0.000000	11.103240	0.012721	1.1
4	-0.565391	0.000000	11.103240	0.009502	1.0
5	-0.536421	0.000000	11.103240	0.021213	1.2
6	-0.565840	0.999997	10.598549	0.004466	1.0
7	-0.554671	0.176292	11.010806	0.012800	1.1
8	-0.574693	0.705505	10.742346	0.005043	1.1
9	-0.551088	1.573481	10.329291	0.008578	1.1
10	-0.510458	2.486652	9.927683	0.005120	1.1
11	-0.549488	2.497822	9.922964	0.009595	1.1
12	-0.554711	2.165236	10.065429	0.014532	0.9
13	-0.559151	3.165214	9.648913	0.018615	1.0
14	-0.515818	2.339949	9.990084	0.000989	0.9
15	-0.604407	2.463834	9.937338	0.012763	0.9
16	-0.576247	2.054405	10.113818	0.012086	0.9
17	-0.599404	3.054390	9.693368	0.004002	1.1
18	-0.589039	2.722138	9.829133	0.016606	1.0
19	-0.536567	2.694376	9.840650	0.014832	1.0
20	-0.549961	1.869110	10.195764	0.005147	1.0
21	-0.599850	2.480648	9.930222	0.010790	0.9
22	-0.575234	1.712245	10.266182	0.013142	0.9
23	-0.537128	0.886982	10.653275	0.005865	1.0
24	-0.563546	1.884130	10.189072	0.005355	0.9
25	-0.540154	2.410148	9.960127	0.009847	0.9
26	-0.553340	1.698654	10.272329	0.007131	1.0
27	-0.575669	1.567744	10.331917	0.004070	1.0
28	-0.520105	1.084112	10.558181	0.010398	1.1
29	-0.551750	0.474134	10.858089	0.007741	1.0
30	-0.549119	0.000000	11.103240	0.011052	1.0
31	-0.544349	0.998813	10.599119	0.003558	1.0
32	-0.569785	1.494075	10.365754	0.004922	0.9
33	-0.531760	2.015249	10.131024	0.006966	1.1
34	-0.600020	2.295074	10.009328	0.010953	1.2
35	-0.543717	3.084415	9.681283	0.013239	1.1
36	-0.531411	2.419553	9.956127	0.006601	0.9
37	-0.563718	3.248828	9.615642	0.016823	1.1
38	-0.552386	3.975126	9.336011	0.011484	1.0
39	-0.565767	3.149855	9.655049	0.006800	1.1
40	-0.547790	4.131353	9.277974	0.008134	1.0
41	-0.587058	3.912089	9.359635	0.016791	1.2
42	-0.529971	3.087419	9.680076	0.011213	1.0
43	-0.546493	4.086231	9.294662	0.001610	1.1
44	-0.550306	4.515535	9.138278	0.005305	0.9
45	-0.550973	4.413106	9.175110	0.015641	0.9
46	-0.549553	5.365380	8.843721	0.015029	0.9
47	-0.529400	4.543584	9.128243	0.005934	0.9
48	-0.588012	5.540394	8.785403	0.009428	0.8
49	-0.535327	4.727516	9.062983	0.007552	0.9
50	-0.557778	5.722913	8.725398	0.009423	0.9
51	-0.551001	5.848510	8.684581	0.009465	0.9
52	-0.553165	6.845834	8.373534	0.003450	0.9
53	-0.556996	6.493512	8.480839	0.005025	0.9
54	-0.566515	6.052627	8.619054	0.007028	0.9
55	-0.558238	5.302709	8.864792	0.015279	1.1
56	-0.563905	6.172849	8.580920	0.010774	1.2
57	-0.564209	7.141196	8.285648	0.010269	1.1
58	-0.554794	8.089888	8.015433	0.012841	0.9
59	-0.600060	7.266084	8.249040	0.006257	0.9
60	-0.577924	6.849705	8.372371	0.013611	1.0
61	-0.543069	6.553622	8.462337	0.015147	0.9
62	-0.538182	7.553608	8.165975	0.009233	1.0
63	-0.567065	8.552290	7.890016	0.012078	1.0
64	-0.568912	9.543605	7.633940	0.016400	0.9
65	-0.567582	8.718335	7.845932	0.014042	1.0
66	-0.547218	9.718214	7.590547	0.010958	1.0
67	-0.543845	10.709730	7.353202	0.012346	1.1
68	-0.551754	11.243903	7.231384	0.007376	1.0
69	-0.543160	12.239711	7.014743	0.007764	1.0
70	-0.568622	11.973688	7.071337	0.002141	1.1
71	-0.538543	11.626813	7.146516	0.008340	1.0
72	-0.577436	11.693404	7.131960	0.014573	1.0
73	-0.534943	10.915117	7.305881	0.014641	1.1
74	-0.528907	11.915115	7.083920	0.007417	1.1
75	-0.544532	12.857611	6.886725	0.013153	1.0
76	-0.562450	13.456307	6.767064	0.013999	1.0
77	-0.551833	14.456299	6.576209	0.002322	0.9
78	-0.525122	14.746180	6.522880	0.004936	1.1
79	-0.564706	14.531017	6.562380	0.009847	0.9
80	-0.571717	13.909975	6.679124	0.011222	1.1
81	-0.557129	13.085531	6.840675	0.017742	1.0
82	-0.546251	14.085530	6.645704	0.014183	1.0
83	-0.545368	13.282792	6.801314	0.009851	1.0
84	-0.587352	14.269379	6.611062	0.008525	1.0
85	-0.571328	13.498540	6.758780	0.007671	1.1
86	-0.562021	14.480387	6.571745	0.007048	1.2
87	-0.548380	13.836698	6.693173	0.001102	1.0
88	-0.537091	13.833629	6.693763	0.010851	1.1
89	-0.544933	14.202875	6.623551	0.014386	1.2
90	-0.565330	13.702213	6.719112	0.018694	1.0
91	-0.584141	12.877090	6.882765	0.008350	1.1
92	-0.547334	13.877088	6.685422	0.010386	1.1
93	-0.549895	13.158819	6.825998	0.008795	1.1
94	-0.550897	13.623689	6.734350	0.016461	0.9
95	-0.521674	13.989360	6.663970	0.010283	1.0
96	-0.555664	14.846285	6.504664	0.010645	1.0
97	-0.598152	15.844648	6.328410	0.004196	1.0
98	-0.559861	16.665017	6.190573	0.001774	1.0
99	-0.559398	16.696464	6.185409	0.008203	1.0
100	-0.516238	16.812777	6.166383	0.011049	1.0
101	-0.547647	17.745753	6.017900	0.014340	0.8
102	-0.583048	18.745750	5.866490	0.009016	1.2
103	-0.548676	18.042364	5.972181	0.002532	1.0
104	-0.557769	18.488406	5.904722	0.008816	1.0
105	-0.559297	18.276641	5.936558	0.007505	1.0
106	-0.559491	17.458959	6.062776	0.004557	1.1
107	-0.545085	17.979472	5.981816	0.009859	1.0
108	-0.535917	17.302175	6.087593	0.019671	1.1
109	-0.566824	18.173534	5.952183	0.012531	1.0
110	-0.552779	19.173534	5.804021	0.011464	1.1
111	-0.541501	20.094827	5.673903	0.007958	1.1
112	-0.545946	20.266801	5.650257	0.010662	1.1
113	-0.585581	19.448621	5.764549	0.011793	1.0
114	-0.558482	20.448548	5.625482	0.002531	1.0
115	-0.594872	19.725078	5.725417	0.017673	1.0
116	-0.573570	20.635679	5.600198	0.018702	1.0
117	-0.589278	19.810408	5.713446	0.013991	1.1
118	-0.575153	20.810408	5.576794	0.016341	0.9
119	-0.562634	19.985178	5.689082	0.003354	1.0
120	-0.538557	20.310147	5.644329	0.016040	1.0
121	-0.574183	19.694827	5.729673	0.016097	1.0
122	-0.544247	18.869558	5.848273	0.008984	1.1
123	-0.579983	19.869548	5.705178	0.003644	1.0
124	-0.561143	20.221114	5.656520	0.013124	0.9
125	-0.547378	19.475308	5.760748	0.012062	1.1
126	-0.584233	19.687993	5.730635	0.011413	1.0
127	-0.514989	20.654945	5.597608	0.003553	1.0
128	-0.545179	20.849152	5.571631	0.014538	1.0
129	-0.568711	21.076962	5.541466	0.005310	1.0
130	-0.587562	20.253450	5.652086	0.009619	1.0
131	-0.610626	21.201964	5.525052	0.009635	1.0
132	-0.569285	20.377184	5.635184	0.001120	1.1
133	-0.573745	20.467653	5.622890	0.013352	1.0
134	-0.539360	19.986899	5.688843	0.007518	1.1
135	-0.561233	19.161861	5.805708	0.006092	1.1
136	-0.509517	18.575796	5.891683	0.012113	0.9
137	-0.566589	17.765214	6.014878	0.021471	1.1
138	-0.568333	18.765205	5.863620	0.008582	0.9
139	-0.558652	17.940034	5.987875	0.004512	0.9
140	-0.560477	18.382228	5.920641	0.012346	1.0
141	-0.599000	18.275472	5.936735	0.012711	1.0
142	-0.548107	19.273325	5.789640	0.002245	1.0
143	-0.580971	18.821955	5.855264	0.009208	1.0
144	-0.542677	18.830310	5.854035	0.016456	1.0
145	-0.583980	19.816333	5.712616	0.009052	1.0
146	-0.570985	20.809126	5.576965	0.011676	1.0
147	-0.572069	19.986554	5.688891	0.011209	1.1
148	-0.518480	19.161320	5.805786	0.025900	1.0
149	-0.521442	20.161320	5.664737	0.010514	1.0
150	-0.553905	19.336049	5.780637	0.011275	1.0
151	-0.577877	18.560902	5.893901	0.013671	0.9
152	-0.567350	19.560769	5.748610	0.012418	1.1
153	-0.526195	18.735500	5.868003	0.008934	1.0
154	-0.566450	19.729326	5.724820	0.011319	1.1
155	-0.569236	18.908558	5.842558	0.007375	0.9
156	-0.584277	18.084285	5.965775	0.011580	0.9
157	-0.570370	19.063457	5.819968	0.014766	1.0
158	-0.565692	18.238186	5.942376	0.016806	0.9
159	-0.555139	19.237592	5.794781	0.007604	0.9
160	-0.583395	18.752555	5.865486	0.014127	1.0
161	-0.582939	18.047300	5.971426	0.013839	0.9
162	-0.561784	17.222033	6.100357	0.013507	1.0
163	-0.573556	16.397942	6.234783	0.017589	1.0
164	-0.591732	16.388137	6.236418	0.015279	1.0
165	-0.543398	15.562875	6.377180	0.011572	0.9
166	-0.581155	14.737624	6.524442	0.012322	0.9
167	-0.574708	13.912458	6.678649	0.013654	1.0
168	-0.548856	14.911325	6.492883	0.015437	0.9
169	-0.543447	15.911325	6.316979	0.023014	0.9
170	-0.558018	16.911325	6.150353	0.017302	1.0
171	-0.557081	16.086105	6.287208	0.020791	1.1
172	-0.533814	15.263624	6.429806	0.007080	1.0
173	-0.553582	14.440809	6.579084	0.011411	1.1
174	-0.593327	14.684907	6.534080	0.006436	1.1
175	-0.583588	13.886552	6.683608	0.016306	1.0
176	-0.568605	14.868419	6.500650	0.016380	1.0
177	-0.559278	15.868411	6.324331	0.007491	1.0
178	-0.528153	16.868371	6.157330	0.010324	1.0
179	-0.580702	17.865677	5.999331	0.006452	1.0
180	-0.552892	17.055639	6.127030	0.009289	0.9
181	-0.557290	16.238012	6.261560	0.014030	1.0
182	-0.562944	17.237733	6.097852	0.006999	1.0
183	-0.532338	16.412957	6.232281	0.017265	1.1
184	-0.554555	15.587954	6.372809	0.007861	1.0
185	-0.567904	16.513200	6.215627	0.004459	0.9
186	-0.519108	16.540859	6.211047	0.018278	1.0
187	-0.526208	17.537442	6.050429	0.014932	0.9
188	-0.546902	18.144351	5.956621	0.010478	0.9
189	-0.580222	17.319095	6.084905	0.009485	1.0
190	-0.537190	16.512280	6.215779	0.011827	1.0
191	-0.567468	15.690015	6.355082	0.012753	1.0
192	-0.557134	16.689675	6.186523	0.019734	0.9
193	-0.525424	17.689674	6.026622	0.009731	1.0
194	-0.572100	18.689659	5.874781	0.011036	1.2
195	-0.560982	19.689489	5.730425	0.007608	1.0
196	-0.577264	20.685183	5.593547	0.006013	0.9
197	-0.564833	21.536165	5.481643	0.004999	0.9
198	-0.557558	21.822426	5.444999	0.017733	0.9
199	-0.550681	21.293948	5.513036	0.006376	0.9
200	-0.538120	20.471446	5.622376	0.006909	1.0
201	-0.546866	20.517967	5.616076	0.006786	1.0
202	-0.565356	21.398587	5.499430	0.014388	1.0
203	-0.570942	20.607542	5.603985	0.014831	0.9
204	-0.561367	19.782272	5.717387	0.006168	0.9
205	-0.589074	18.960763	5.834925	0.004439	0.9
206	-0.572691	19.670855	5.733050	0.018856	1.0
207	-0.554473	18.846598	5.851643	0.013550	0.9
208	-0.559788	18.021331	5.975400	0.017427	1.0
209	-0.542330	17.196060	6.104505	0.014441	1.0
210	-0.567160	16.370790	6.239313	0.006787	1.1
211	-0.568883	17.357932	6.078744	0.013131	1.0
212	-0.558752	17.546538	6.049001	0.007922	0.9
213	-0.553817	16.729320	6.180023	0.010369	0.9
214	-0.575834	15.919848	6.315520	0.014072	0.9
215	-0.530800	15.439314	6.398805	0.008266	0.9
216	-0.556794	16.297664	6.251546	0.011720	0.9
217	-0.594363	15.476773	6.392233	0.013395	0.9
218	-0.555902	14.651506	6.540202	0.010750	1.0
219	-0.569535	15.565394	6.376741	0.012511	1.0
220	-0.541438	16.565238	6.207016	0.013937	1.0
221	-0.567535	17.565235	6.046068	0.015657	0.9
222	-0.551441	16.740008	6.178272	0.011838	0.9
223	-0.530418	15.915174	6.316320	0.015255	1.0
224	-0.578281	16.915174	6.149729	0.009689	0.9
225	-0.549384	16.126000	6.280452	0.010287	1.1
226	-0.542282	15.314000	6.420886	0.003822	1.1
227	-0.575623	14.579796	6.553384	0.025255	0.9
228	-0.550656	15.251786	6.431905	0.009136	1.0
229	-0.556727	16.251786	6.259245	0.017141	1.0
230	-0.551563	15.429422	6.400542	0.004066	1.0
231	-0.555390	14.770426	6.518459	0.008611	1.1
232	-0.550516	14.639686	6.542371	0.017787	1.1
233	-0.589591	15.254276	6.431463	0.008414	1.1
234	-0.564633	14.429151	6.581248	0.005408	1.0
235	-0.610163	14.110329	6.641010	0.001891	1.0
236	-0.555512	14.041452	6.654064	0.020142	1.0
237	-0.590840	14.506770	6.566862	0.006737	1.0
238	-0.566474	15.060896	6.465953	0.019005	1.1
239	-0.570535	14.296460	6.605990	0.014336	1.1
240	-0.592706	13.471197	6.764141	0.011589	1.0
241	-0.558973	12.666931	6.925729	0.011424	1.0
242	-0.574851	12.057862	7.053331	0.013195	1.1
243	-0.531226	13.057761	6.846253	0.005118	1.0
244	-0.589622	14.046118	6.653178	0.010311	1.2
245	-0.576963	14.959323	6.484217	0.017454	1.1
246	-0.529136	14.135001	6.636347	0.005481	1.1
247	-0.584178	13.356692	6.786685	0.008351	1.0
248	-0.572045	12.577570	6.944161	0.018541	1.0
249	-0.568620	13.577164	6.743412	0.017610	1.0
250	-0.559090	14.576301	6.554027	0.007422	1.0
251	-0.576267	15.575994	6.374893	0.014387	1.0
252	-0.581192	16.535815	6.211882	0.007757	1.0
253	-0.565075	15.712242	6.351234	0.006952	1.1
254	-0.554469	16.286223	6.253464	0.006911	1.1
255	-0.530767	17.193542	6.104908	0.016546	1.3
Time spent in resolution 1 (ITK initialization and iterating): 0.298 s.
Stopping condition: Maximum number of iterations has been reached.
Settings of AdaptiveStochasticGradientDescent in resolution 1:
( SP_a 233.168048 )
( SP_A 20.000000 )
( SP_alpha 1.000000 )
( SigmoidMax 1.000000 )
( SigmoidMin -0.825271 )
( SigmoidScale 0.000011 )


Resolution: 2
WARNING: The parameter "ShowExactMetricValue", requested at entry number 2, does not exist at all.
  The default value "false" is used instead.
WARNING: The parameter "UseMultiThreadingForMetrics", requested at entry number 2, does not exist at all.
  The default value "true" is used instead.
Setting the fixed masks took: 0 ms.
Setting the moving masks took: 0 ms.
WARNING: The parameter "FixedImageBSplineInterpolationOrder", requested at entry number 2, does not exist at all.
  The default value "1" is used instead.
WARNING: The parameter "UseRandomSampleRegion", requested at entry number 2, does not exist at all.
  The default value "false" is used instead.
WARNING: The parameter "NumberOfHistogramBins", requested at entry number 2, does not exist at all.
  The default value "32" is used instead.
WARNING: The parameter "NumberOfFixedHistogramBins", requested at entry number 2, does not exist at all.
  The default value "32" is used instead.
WARNING: The parameter "NumberOfMovingHistogramBins", requested at entry number 2, does not exist at all.
  The default value "32" is used instead.
WARNING: The parameter "FixedLimitRangeRatio", requested at entry number 2, does not exist at all.
  The default value "0.01" is used instead.
WARNING: The parameter "MovingLimitRangeRatio", requested at entry number 2, does not exist at all.
  The default value "0.01" is used instead.
WARNING: The parameter "FixedKernelBSplineOrder", requested at entry number 2, does not exist at all.
  The default value "0" is used instead.
WARNING: The parameter "MovingKernelBSplineOrder", requested at entry number 2, does not exist at all.
  The default value "3" is used instead.
WARNING: The parameter "UseFastAndLowMemoryVersion", requested at entry number 2, does not exist at all.
  The default value "true" is used instead.
WARNING: The parameter "UseJacobianPreconditioning", requested at entry number 2, does not exist at all.
  The default value "false" is used instead.
WARNING: The parameter "FiniteDifferenceDerivative", requested at entry number 2, does not exist at all.
  The default value "false" is used instead.
WARNING: The parameter "SP_A", requested at entry number 2, does not exist at all.
  The default value "20" is used instead.

WARNING: You have set MaximumNumberOfSamplingAttempts to 8.
  This functionality is known to cause problems (stack overflow) for large values.
  If elastix stops or segfaults for no obvious reason, reduce this value.
  You may select the RandomSparseMask image sampler to fix mask-related problems.

WARNING: The parameter "SigmoidInitialTime", requested at entry number 2, does not exist at all.
  The default value "0" is used instead.
WARNING: The parameter "MaxBandCovSize", requested at entry number 2, does not exist at all.
  The default value "192" is used instead.
WARNING: The parameter "NumberOfBandStructureSamples", requested at entry number 2, does not exist at all.
  The default value "10" is used instead.
WARNING: The parameter "UseAdaptiveStepSizes", requested at entry number 2, does not exist at all.
  The default value "true" is used instead.
WARNING: The parameter "UseConstantStep", requested at entry number 2, does not exist at all.
  The default value "false" is used instead.
WARNING: The parameter "MaximumStepLengthRatio", requested at entry number 2, does not exist at all.
  The default value "1" is used instead.
WARNING: The parameter "MaximumStepLength", requested at entry number 2, does not exist at all.
  The default value "1" is used instead.
WARNING: The parameter "NumberOfGradientMeasurements", requested at entry number 2, does not exist at all.
  The default value "0" is used instead.
WARNING: The parameter "NumberOfJacobianMeasurements", requested at entry number 2, does not exist at all.
  The default value "1000" is used instead.
WARNING: The parameter "SigmoidScaleFactor", requested at entry number 2, does not exist at all.
  The default value "0.1" is used instead.
Elastix initialization of all components (for this resolution) took: 0 ms.
  Computing the fixed image extrema took 0 ms.
  Computing the moving image extrema took 0 ms.
Initialization of AdvancedMattesMutualInformation metric took: 0 ms.
Starting automatic parameter estimation for AdaptiveStochasticGradientDescent ...
WARNING: The parameter "ASGDParameterEstimationMethod", requested at entry number 0, does not exist at all.
  The default value "Original" is used instead.
  Computing JacobianTerms ...
  Computing the Jacobian terms took 0.000491s
  NumberOfGradientMeasurements to estimate sigma_i: 11
  Sampling gradients ...
  Sampling the gradients took 0.022184s
Automatic parameter estimation took 0.02s
1:ItNr	2:Metric	3a:Time	3b:StepSize	4:||Gradient||	Time[ms]
0	-0.503964	0.000000	6.118925	0.008973	24.7
1	-0.483750	0.000000	6.118925	0.023036	1.1
2	-0.503826	0.810267	5.891602	0.020744	1.0
3	-0.496480	0.132159	6.080657	0.005117	1.0
4	-0.449696	0.000000	6.118925	0.017116	1.2
5	-0.456839	0.372747	6.012209	0.013163	1.0
6	-0.470997	0.000000	6.118925	0.010379	1.0
7	-0.446251	0.158347	6.073131	0.012397	1.0
8	-0.439903	0.799326	5.894559	0.016982	1.1
9	-0.504872	0.573426	5.956282	0.021133	1.0
10	-0.493373	0.590542	5.951560	0.016825	1.0
11	-0.465015	1.581354	5.690421	0.028741	0.9
12	-0.476851	0.899113	5.867700	0.017403	0.9
13	-0.502043	1.896447	5.612112	0.018750	0.9
14	-0.468482	1.220535	5.782823	0.027453	1.0
15	-0.455623	0.542075	5.964951	0.028644	1.0
16	-0.473821	0.000000	6.118925	0.019323	1.1
17	-0.483983	0.267545	6.041949	0.019848	1.0
18	-0.484166	1.144386	5.802708	0.022234	0.8
19	-0.472395	2.142589	5.552422	0.023878	0.9
20	-0.476031	3.139409	5.323138	0.028037	0.9
21	-0.488178	4.136999	5.111884	0.023273	0.9
22	-0.482107	5.136947	4.916313	0.021162	1.0
23	-0.477539	4.569612	5.025396	0.025373	1.0
24	-0.499879	5.568194	4.836513	0.014327	0.9
25	-0.466567	6.487627	4.674737	0.013009	1.0
26	-0.488154	6.733966	4.633215	0.019750	1.0
27	-0.498691	6.445859	4.681851	0.010954	0.9
28	-0.496416	6.003599	4.758529	0.024490	1.0
29	-0.515655	5.351432	4.876297	0.028736	0.9
30	-0.475719	4.668321	5.006070	0.028459	0.9
31	-0.458005	3.985083	5.142965	0.018907	1.0
32	-0.467887	3.418485	5.262301	0.015343	0.8
33	-0.503277	4.399044	5.059144	0.020431	0.9
34	-0.493936	3.737336	5.194473	0.024001	1.0
35	-0.465359	4.733476	4.993395	0.017479	1.1
36	-0.506309	4.051295	5.129372	0.022080	1.0
37	-0.469297	4.984746	4.945110	0.011244	1.0
38	-0.486055	4.536892	5.031834	0.013841	0.9
39	-0.492056	3.981087	5.143788	0.033677	1.1
40	-0.497243	4.482578	5.042560	0.026598	1.1
41	-0.490772	3.802329	5.180861	0.009055	1.0
42	-0.492159	4.169733	5.105235	0.023448	0.9
43	-0.472003	3.556741	5.232674	0.013243	0.9
44	-0.501362	2.881823	5.380553	0.012749	0.9
45	-0.445564	2.774526	5.404836	0.017190	0.9
46	-0.470935	3.530133	5.238350	0.019259	1.0
47	-0.486546	2.870351	5.383139	0.028416	0.9
48	-0.501602	3.823989	5.176340	0.031193	1.0
49	-0.486574	4.823986	4.975894	0.022177	1.0
50	-0.471978	5.721357	4.808791	0.009060	0.9
51	-0.497521	6.400014	4.689684	0.006810	0.9
52	-0.488192	6.753204	4.630003	0.008205	0.8
53	-0.467385	6.564907	4.661631	0.031318	0.9
54	-0.482897	7.299685	4.540595	0.035713	0.9
55	-0.459875	6.616444	4.652931	0.009396	0.9
56	-0.460290	7.340788	4.534010	0.022590	1.1
57	-0.469991	7.327467	4.536142	0.027702	1.0
58	-0.507834	8.306183	4.384652	0.023843	1.0
59	-0.489559	9.303737	4.240316	0.023863	0.9
60	-0.458453	8.621941	4.337913	0.028731	1.0
61	-0.511114	9.621555	4.196306	0.025380	0.9
62	-0.493501	10.466511	4.083625	0.022627	0.9
63	-0.468223	9.785977	4.173894	0.018542	0.9
64	-0.474321	10.781115	4.043200	0.019834	0.9
65	-0.494461	11.759946	3.922394	0.019967	1.1
66	-0.446250	11.085268	4.004873	0.017533	0.9
67	-0.521012	12.073160	3.885248	0.008192	1.0
68	-0.467991	12.431161	3.843642	0.007335	1.0
69	-0.496362	12.099918	3.882107	0.018723	1.0
70	-0.511470	11.769615	3.921237	0.023683	0.9
71	-0.497474	12.757522	3.806482	0.014946	1.1
72	-0.506999	12.160726	3.874988	0.006431	1.1
73	-0.496330	11.970811	3.897308	0.015577	0.9
74	-0.479864	11.666854	3.933572	0.018537	1.0
75	-0.518041	11.133170	3.998903	0.030322	0.9
76	-0.502312	10.528692	4.075571	0.008903	1.0
77	-0.468760	9.952094	4.151493	0.014042	1.0
78	-0.475563	9.740016	4.180135	0.034152	0.9
79	-0.464347	10.739183	4.048542	0.014342	0.9
80	-0.507035	11.701563	3.929397	0.010201	0.9
81	-0.501697	11.905871	3.905000	0.009106	0.9
82	-0.489276	12.105464	3.881456	0.009261	1.0
83	-0.448879	11.866383	3.909691	0.020315	1.0
84	-0.471470	12.697008	3.813318	0.024834	0.9
85	-0.493647	13.681330	3.705089	0.026288	1.0
86	-0.486313	14.681255	3.601258	0.027947	0.8
87	-0.501688	15.658947	3.505213	0.021859	1.0
88	-0.475136	15.003381	3.569038	0.023395	1.0
89	-0.473510	15.527595	3.517818	0.025009	0.9
90	-0.489346	16.504569	3.426180	0.023037	1.0
91	-0.495195	15.911354	3.481244	0.016449	0.9
92	-0.478256	15.277213	3.542097	0.017312	0.9
93	-0.485345	14.690705	3.600305	0.020870	1.1
94	-0.486180	15.391314	3.530991	0.018193	1.0
95	-0.481555	16.070288	3.466318	0.030829	0.9
96	-0.461240	17.017964	3.379913	0.006437	0.9
97	-0.474721	16.593916	3.418038	0.027466	0.9
98	-0.489414	17.108717	3.371864	0.016854	1.0
99	-0.459695	16.687755	3.409527	0.021739	0.9
100	-0.467884	16.302467	3.444743	0.043106	0.9
101	-0.514837	15.625505	3.508414	0.017188	1.0
102	-0.506068	14.942377	3.575095	0.015410	0.9
103	-0.484040	14.396802	3.630198	0.018996	0.9
104	-0.518710	13.722385	3.700708	0.018601	1.0
105	-0.484447	14.709143	3.598446	0.015248	0.9
106	-0.503336	15.689369	3.502307	0.035056	1.1
107	-0.488969	15.967025	3.476001	0.033883	0.9
108	-0.477495	15.283785	3.541456	0.033800	1.0
109	-0.484360	16.283784	3.446469	0.021718	0.9
110	-0.505511	15.734757	3.497979	0.017543	1.0
111	-0.499753	15.345393	3.535453	0.007918	1.0
112	-0.469629	16.087757	3.464686	0.015918	0.9
113	-0.505114	16.846297	3.395244	0.019535	1.0
114	-0.441948	16.182441	3.455863	0.036237	0.9
115	-0.478901	17.182420	3.365355	0.024119	0.8
116	-0.508884	16.499180	3.426673	0.021763	0.9
117	-0.490744	17.497111	3.337846	0.018841	1.0
118	-0.505683	18.492698	3.253701	0.013420	1.0
119	-0.509687	19.366306	3.183284	0.018090	0.9
120	-0.479516	19.316905	3.187184	0.014379	1.0
121	-0.488061	19.808391	3.148799	0.010763	1.0
122	-0.458009	19.291627	3.189184	0.022975	1.0
123	-0.470923	20.221760	3.117223	0.020030	1.1
124	-0.484956	21.215479	3.043846	0.018558	1.1
125	-0.504786	21.825726	3.000473	0.019156	0.9
126	-0.480093	22.813412	2.932833	0.011469	1.0
127	-0.457956	23.457187	2.890363	0.015453	1.0
128	-0.494925	24.207514	2.842391	0.020260	1.0
129	-0.492331	23.546821	2.884547	0.023452	1.0
130	-0.476504	24.449117	2.827281	0.015011	1.0
131	-0.491930	23.771746	2.870056	0.021021	1.0
132	-0.483404	24.762064	2.807946	0.030201	1.0
133	-0.507789	24.078896	2.850500	0.021967	1.2
134	-0.473613	24.745870	2.808940	0.017745	1.0
135	-0.504395	25.735773	2.749445	0.025441	1.0
136	-0.485779	25.070067	2.789174	0.015258	1.0
137	-0.464475	26.045972	2.731316	0.040030	0.9
138	-0.469133	26.183166	2.723374	0.021259	1.0
139	-0.480990	27.176963	2.667196	0.022044	1.0
140	-0.497646	28.175603	2.613032	0.006924	0.9
141	-0.500138	28.241038	2.609559	0.020089	0.9
142	-0.486603	28.919659	2.574084	0.015185	0.9
143	-0.474327	28.886915	2.575774	0.016902	1.0
144	-0.507805	28.826272	2.578909	0.023419	0.9
145	-0.477212	28.148664	2.614464	0.023437	0.9
146	-0.470571	28.165745	2.613556	0.015199	1.0
147	-0.442794	28.153186	2.614224	0.017283	0.9
148	-0.468132	28.463686	2.597813	0.016491	0.9
149	-0.451493	29.435374	2.547764	0.027799	0.9
150	-0.499562	30.093325	2.514955	0.022939	0.8
151	-0.469621	29.419716	2.548555	0.038397	0.9
152	-0.469488	30.419713	2.498991	0.012828	1.0
153	-0.472772	31.347862	2.454683	0.026433	1.0
154	-0.508006	30.675053	2.486643	0.016144	1.0
155	-0.505891	31.656011	2.440318	0.018156	1.0
156	-0.489730	31.077051	2.467448	0.013717	0.9
157	-0.468716	31.220221	2.460683	0.024411	0.9
158	-0.460648	32.188416	2.415891	0.021132	0.9
159	-0.480788	31.510839	2.447065	0.027563	1.0
160	-0.502829	30.835747	2.478934	0.019068	0.9
161	-0.462198	31.832175	2.432181	0.025918	0.9
162	-0.475720	31.149621	2.464014	0.019665	1.0
163	-0.489245	32.148758	2.417694	0.018522	0.9
164	-0.490275	31.472158	2.448869	0.033999	0.9
165	-0.455852	32.471250	2.403112	0.022463	0.9
166	-0.492642	33.468614	2.359109	0.028685	0.9
167	-0.494901	34.467260	2.316635	0.010373	1.0
168	-0.459866	35.379950	2.279133	0.040727	0.9
169	-0.483454	34.698736	2.307008	0.017953	1.0
170	-0.477843	34.015543	2.335657	0.035037	0.9
171	-0.464230	35.015223	2.293973	0.042702	1.1
172	-0.493180	36.015223	2.253739	0.026168	1.0
173	-0.482534	37.014999	2.214900	0.012821	1.0
174	-0.485794	37.248010	2.206040	0.042169	0.9
175	-0.495050	38.247238	2.168834	0.018712	1.0
176	-0.477888	39.247070	2.132841	0.029378	0.9
177	-0.466246	40.246746	2.098028	0.006969	0.9
178	-0.509547	40.294692	2.096387	0.018877	0.9
179	-0.516263	40.469389	2.090429	0.024282	0.9
180	-0.512116	41.467884	2.057016	0.008497	1.0
181	-0.448781	41.074634	2.070047	0.030053	0.9
182	-0.506249	41.289539	2.062905	0.025754	0.9
183	-0.490158	42.289536	2.030311	0.018663	0.9
184	-0.437981	41.610850	2.052319	0.015147	1.0
185	-0.464210	40.946518	2.074328	0.018074	0.9
186	-0.523745	41.926439	2.042026	0.011742	0.9
187	-0.490980	41.512099	2.055561	0.010453	0.9
188	-0.476461	41.891695	2.043154	0.025565	0.9
189	-0.498205	42.845890	2.012618	0.022427	1.0
190	-0.487230	42.810616	2.013731	0.030836	0.9
191	-0.499539	43.809090	1.982707	0.007630	1.0
192	-0.479179	44.440981	1.963562	0.016097	0.9
193	-0.488726	44.216512	1.970320	0.017179	1.0
194	-0.507962	45.185020	1.941488	0.034669	0.9
195	-0.493490	46.184896	1.912594	0.015134	0.9
196	-0.486164	46.078332	1.915632	0.029051	0.9
197	-0.496828	45.397444	1.935277	0.012931	0.9
198	-0.484627	45.052958	1.945370	0.012387	1.0
199	-0.506861	45.659211	1.927677	0.019869	1.0
200	-0.497352	45.017082	1.946427	0.046379	0.9
201	-0.462830	46.017081	1.917383	0.008956	1.0
202	-0.525043	45.335183	1.937093	0.013261	1.0
203	-0.515120	44.875926	1.950597	0.019094	1.1
204	-0.469846	45.564336	1.930424	0.010176	1.0
205	-0.462370	45.712507	1.926137	0.019417	1.0
206	-0.457526	45.551556	1.930795	0.039973	1.0
207	-0.489799	44.876802	1.950572	0.026763	1.0
208	-0.499699	44.193681	1.971010	0.040136	1.0
209	-0.509569	45.193491	1.941239	0.026552	0.9
210	-0.453447	44.510251	1.961486	0.026028	1.0
211	-0.498104	45.507994	1.932060	0.012144	1.1
212	-0.463085	44.909166	1.949614	0.034934	1.0
213	-0.515725	45.642737	1.928153	0.034306	1.0
214	-0.461917	44.959811	1.948117	0.019809	1.0
215	-0.501995	45.037359	1.945829	0.013497	0.8
216	-0.487293	45.952669	1.919228	0.034285	1.1
217	-0.489088	46.949361	1.891076	0.008034	1.0
218	-0.467576	47.128979	1.886090	0.006745	1.0
219	-0.482584	46.970218	1.890496	0.025939	1.1
220	-0.488704	47.783483	1.868143	0.017173	0.9
221	-0.496698	47.101489	1.886852	0.011492	1.0
222	-0.471305	46.921989	1.891838	0.015943	1.0
223	-0.486192	46.390251	1.906766	0.033358	0.9
224	-0.435402	47.380407	1.879155	0.017207	0.9
225	-0.496616	47.339223	1.880288	0.011746	1.0
226	-0.464349	47.362829	1.879639	0.028758	0.9
227	-0.471751	46.696515	1.898139	0.026200	1.0
228	-0.494859	47.689796	1.870691	0.034285	1.0
229	-0.500680	48.688166	1.843891	0.028124	1.0
230	-0.488883	49.688166	1.817807	0.018404	1.1
231	-0.474617	49.007423	1.835483	0.022764	0.9
232	-0.508727	48.332927	1.853339	0.028631	0.9
233	-0.440437	49.328515	1.827103	0.042160	1.0
234	-0.494597	48.713486	1.843222	0.048710	1.0
235	-0.475347	49.713486	1.817156	0.019882	1.0
236	-0.484430	49.030296	1.834883	0.001533	1.0
237	-0.478799	48.942998	1.837173	0.018981	1.1
238	-0.454193	49.155296	1.831614	0.018988	1.1
239	-0.500247	50.060415	1.808284	0.040493	0.9
240	-0.503985	51.060384	1.783191	0.026889	1.0
241	-0.503268	50.377145	1.800260	0.029305	1.0
242	-0.479462	49.695197	1.817626	0.025727	1.0
243	-0.502514	50.676681	1.792737	0.012327	1.0
244	-0.485246	51.337774	1.776353	0.021112	1.0
245	-0.480776	52.227537	1.754769	0.020643	0.9
246	-0.491831	51.556856	1.770989	0.019165	0.9
247	-0.521763	52.498679	1.748296	0.016038	0.9
248	-0.483522	51.826491	1.764432	0.010789	0.9
249	-0.481282	51.821337	1.764557	0.035841	1.0
250	-0.476755	51.165615	1.780591	0.032283	1.0
251	-0.539420	50.531520	1.796375	0.032068	0.9
252	-0.465612	51.488820	1.772651	0.019013	1.0
253	-0.510017	50.852714	1.788345	0.037370	0.9
254	-0.497607	50.347596	1.801006	0.018896	0.8
255	-0.517091	51.280412	1.777763	0.021269	0.9
Time spent in resolution 2 (ITK initialization and iterating): 0.289 s.
Stopping condition: Maximum number of iterations has been reached.
Settings of AdaptiveStochasticGradientDescent in resolution 2:
( SP_a 128.497416 )
( SP_A 20.000000 )
( SP_alpha 1.000000 )
( SigmoidMax 1.000000 )
( SigmoidMin -0.683240 )
( SigmoidScale 0.000057 )


Resolution: 3
WARNING: The parameter "ShowExactMetricValue", requested at entry number 3, does not exist at all.
  The default value "false" is used instead.
WARNING: The parameter "UseMultiThreadingForMetrics", requested at entry number 3, does not exist at all.
  The default value "true" is used instead.
Setting the fixed masks took: 0 ms.
Setting the moving masks took: 0 ms.
WARNING: The parameter "FixedImageBSplineInterpolationOrder", requested at entry number 3, does not exist at all.
  The default value "1" is used instead.
WARNING: The parameter "UseRandomSampleRegion", requested at entry number 3, does not exist at all.
  The default value "false" is used instead.
WARNING: The parameter "NumberOfHistogramBins", requested at entry number 3, does not exist at all.
  The default value "32" is used instead.
WARNING: The parameter "NumberOfFixedHistogramBins", requested at entry number 3, does not exist at all.
  The default value "32" is used instead.
WARNING: The parameter "NumberOfMovingHistogramBins", requested at entry number 3, does not exist at all.
  The default value "32" is used instead.
WARNING: The parameter "FixedLimitRangeRatio", requested at entry number 3, does not exist at all.
  The default value "0.01" is used instead.
WARNING: The parameter "MovingLimitRangeRatio", requested at entry number 3, does not exist at all.
  The default value "0.01" is used instead.
WARNING: The parameter "FixedKernelBSplineOrder", requested at entry number 3, does not exist at all.
  The default value "0" is used instead.
WARNING: The parameter "MovingKernelBSplineOrder", requested at entry number 3, does not exist at all.
  The default value "3" is used instead.
WARNING: The parameter "UseFastAndLowMemoryVersion", requested at entry number 3, does not exist at all.
  The default value "true" is used instead.
WARNING: The parameter "UseJacobianPreconditioning", requested at entry number 3, does not exist at all.
  The default value "false" is used instead.
WARNING: The parameter "FiniteDifferenceDerivative", requested at entry number 3, does not exist at all.
  The default value "false" is used instead.
WARNING: The parameter "SP_A", requested at entry number 3, does not exist at all.
  The default value "20" is used instead.

WARNING: You have set MaximumNumberOfSamplingAttempts to 8.
  This functionality is known to cause problems (stack overflow) for large values.
  If elastix stops or segfaults for no obvious reason, reduce this value.
  You may select the RandomSparseMask image sampler to fix mask-related problems.

WARNING: The parameter "SigmoidInitialTime", requested at entry number 3, does not exist at all.
  The default value "0" is used instead.
WARNING: The parameter "MaxBandCovSize", requested at entry number 3, does not exist at all.
  The default value "192" is used instead.
WARNING: The parameter "NumberOfBandStructureSamples", requested at entry number 3, does not exist at all.
  The default value "10" is used instead.
WARNING: The parameter "UseAdaptiveStepSizes", requested at entry number 3, does not exist at all.
  The default value "true" is used instead.
WARNING: The parameter "UseConstantStep", requested at entry number 3, does not exist at all.
  The default value "false" is used instead.
WARNING: The parameter "MaximumStepLengthRatio", requested at entry number 3, does not exist at all.
  The default value "1" is used instead.
WARNING: The parameter "MaximumStepLength", requested at entry number 3, does not exist at all.
  The default value "1" is used instead.
WARNING: The parameter "NumberOfGradientMeasurements", requested at entry number 3, does not exist at all.
  The default value "0" is used instead.
WARNING: The parameter "NumberOfJacobianMeasurements", requested at entry number 3, does not exist at all.
  The default value "1000" is used instead.
WARNING: The parameter "SigmoidScaleFactor", requested at entry number 3, does not exist at all.
  The default value "0.1" is used instead.
Elastix initialization of all components (for this resolution) took: 0 ms.
  Computing the fixed image extrema took 0 ms.
  Computing the moving image extrema took 0 ms.
Initialization of AdvancedMattesMutualInformation metric took: 0 ms.
Starting automatic parameter estimation for AdaptiveStochasticGradientDescent ...
WARNING: The parameter "ASGDParameterEstimationMethod", requested at entry number 0, does not exist at all.
  The default value "Original" is used instead.
  Computing JacobianTerms ...
  Computing the Jacobian terms took 0.000478s
  NumberOfGradientMeasurements to estimate sigma_i: 11
  Sampling gradients ...
  Sampling the gradients took 0.020574s
Automatic parameter estimation took 0.02s
1:ItNr	2:Metric	3a:Time	3b:StepSize	4:||Gradient||	Time[ms]
0	-0.461112	0.000000	2.942912	0.029151	23.2
1	-0.436569	0.000000	2.942912	0.031587	0.9
2	-0.505956	0.196048	2.915692	0.072773	0.9
3	-0.455793	1.047996	2.803028	0.008132	1.0
4	-0.449935	1.120017	2.793901	0.089500	1.2
5	-0.438514	1.315851	2.769383	0.044038	0.9
6	-0.454605	2.315832	2.650609	0.082493	1.0
7	-0.435384	2.358039	2.645819	0.046852	0.9
8	-0.485687	1.626517	2.731359	0.085162	0.9
9	-0.469054	0.894995	2.822615	0.033889	0.9
10	-0.455011	0.163479	2.920179	0.137437	1.0
11	-0.459316	0.000000	2.942912	0.068564	0.9
12	-0.473771	0.000000	2.942912	0.049165	0.9
13	-0.449075	0.000000	2.942912	0.039112	1.0
14	-0.455442	0.589336	2.862577	0.072770	0.9
15	-0.482121	0.000000	2.942912	0.021574	0.9
16	-0.498746	0.000000	2.942912	0.037334	0.9
17	-0.451828	0.103780	2.928440	0.055300	1.0
18	-0.462411	0.362145	2.893021	0.089179	1.0
19	-0.471059	1.345222	2.765743	0.046807	1.1
20	-0.431641	2.345222	2.647272	0.073180	0.9
21	-0.459181	3.345221	2.538533	0.032857	0.9
22	-0.471732	4.342492	2.438637	0.037572	1.0
23	-0.487369	5.235016	2.355674	0.105581	0.8
24	-0.473736	4.503494	2.423242	0.062876	1.1
25	-0.447583	5.503494	2.331811	0.065007	1.0
26	-0.444064	6.503494	2.247029	0.061790	0.9
27	-0.452782	5.771990	2.308426	0.054399	0.9
28	-0.468219	6.771989	2.225305	0.029662	0.9
29	-0.464527	6.041575	2.285412	0.059452	1.0
30	-0.514940	6.023397	2.286950	0.055536	0.9
31	-0.482093	6.641781	2.235787	0.037109	1.0
32	-0.477708	5.977854	2.290810	0.006709	0.9
33	-0.460398	5.942709	2.293798	0.085018	0.9
34	-0.426584	5.309892	2.348970	0.037631	1.0
35	-0.492679	6.309890	2.262958	0.028395	0.9
36	-0.471317	7.001577	2.207059	0.047241	1.0
37	-0.473597	7.995559	2.131400	0.046264	0.9
38	-0.465866	8.804630	2.073542	0.040074	0.9
39	-0.465377	8.080555	2.125171	0.067297	0.9
40	-0.442686	7.349043	2.180008	0.091977	0.9
41	-0.489679	6.617521	2.237751	0.022429	1.0
42	-0.454455	5.897444	2.297659	0.053241	0.9
43	-0.481446	6.614623	2.237986	0.029290	1.1
44	-0.475004	7.609882	2.160133	0.068325	1.2
45	-0.463138	6.975670	2.209103	0.060620	0.9
46	-0.438364	6.354087	2.259302	0.086042	0.9
47	-0.462778	7.193323	2.192049	0.061998	1.0
48	-0.494391	6.461801	2.250440	0.038847	1.0
49	-0.459402	5.730337	2.312023	0.051973	1.0
50	-0.463320	6.729928	2.228680	0.049333	1.0
51	-0.456271	6.961361	2.210234	0.052583	1.1
52	-0.483573	6.232669	2.269375	0.084041	1.0
53	-0.454779	7.232572	2.189002	0.028414	1.0
54	-0.486192	6.961566	2.210218	0.014461	1.0
55	-0.464072	6.519384	2.245731	0.076297	1.0
56	-0.457679	5.868047	2.300173	0.067487	1.0
57	-0.466444	6.834204	2.220331	0.056163	0.9
58	-0.470461	7.834204	2.143328	0.035637	1.0
59	-0.476376	7.573380	2.162892	0.064130	0.9
60	-0.459084	8.572774	2.089799	0.067469	0.9
61	-0.466687	9.572774	2.021444	0.024445	1.1
62	-0.469649	9.239297	2.043736	0.054128	1.1
63	-0.459222	8.523178	2.093309	0.038864	0.9
64	-0.452263	8.726361	2.079001	0.075020	0.9
65	-0.446759	9.266520	2.041898	0.037589	1.0
66	-0.451933	8.535553	2.092432	0.030671	0.9
67	-0.479164	9.404779	2.032613	0.032606	0.9
68	-0.472293	8.838314	2.071201	0.047231	0.9
69	-0.483093	8.108483	2.123132	0.059198	0.9
70	-0.451325	9.108473	2.052616	0.003360	0.9
71	-0.462628	9.172779	2.048242	0.044728	0.9
72	-0.453893	9.018130	2.058794	0.059440	0.9
73	-0.447962	10.018028	1.992427	0.063251	0.9
74	-0.450023	9.286513	2.040550	0.020483	1.0
75	-0.455665	10.276880	1.975937	0.072684	0.9
76	-0.429909	11.193925	1.919652	0.038994	0.9
77	-0.433595	12.016558	1.871823	0.057548	0.9
78	-0.484149	12.977463	1.818886	0.051876	1.0
79	-0.471842	13.976915	1.766912	0.031102	0.9
80	-0.492533	13.249454	1.804442	0.091204	1.0
81	-0.465416	14.230418	1.754198	0.026347	1.0
82	-0.466399	14.833657	1.724667	0.102101	1.1
83	-0.467036	14.102144	1.760609	0.080258	1.0
84	-0.458759	13.370622	1.798080	0.026127	1.1
85	-0.466447	12.640357	1.837113	0.056698	1.0
86	-0.474263	13.634471	1.784382	0.020490	1.1
87	-0.475220	13.206487	1.806708	0.009248	1.1
88	-0.473095	13.027126	1.816232	0.046347	0.9
89	-0.490664	13.482631	1.792240	0.089499	0.9
90	-0.463107	12.751110	1.831085	0.056145	1.0
91	-0.505799	12.019588	1.871651	0.034550	1.0
92	-0.458233	11.293167	1.913753	0.048616	1.0
93	-0.468119	12.290856	1.856400	0.047023	0.9
94	-0.464917	11.569291	1.897528	0.041615	1.0
95	-0.471443	10.838502	1.941082	0.089905	0.9
96	-0.490211	10.106986	1.986729	0.054826	1.0
97	-0.464885	11.106986	1.924850	0.023656	1.1
98	-0.473481	10.379888	1.969451	0.068626	1.1
99	-0.500298	11.367925	1.909333	0.070556	0.9
100	-0.478497	10.636432	1.953480	0.037653	1.0
101	-0.480919	10.099706	1.987194	0.063876	1.2
102	-0.491274	9.515471	2.025240	0.043315	1.1
103	-0.452584	9.188983	2.047142	0.058651	1.0
104	-0.470357	8.458861	2.097880	0.065785	1.1
105	-0.491190	9.458860	2.029004	0.035675	1.0
106	-0.464055	10.302050	1.974348	0.053628	0.9
107	-0.444289	10.660206	1.952013	0.061180	1.0
108	-0.453687	9.928693	1.998182	0.076154	1.0
109	-0.454505	9.398116	2.033058	0.060528	0.9
110	-0.478440	10.397006	1.968377	0.032200	0.9
111	-0.475365	9.838834	2.004004	0.026914	1.0
112	-0.456141	9.319786	2.038311	0.021566	0.9
113	-0.442099	8.839958	2.071087	0.034233	1.1
114	-0.460812	8.217951	2.115177	0.053169	1.1
115	-0.469807	9.214922	2.045385	0.062251	1.1
116	-0.461662	8.483701	2.096112	0.041895	0.9
117	-0.463956	7.752261	2.149436	0.041090	0.9
118	-0.467645	7.324049	2.181932	0.045021	1.1
119	-0.469694	8.068055	2.126085	0.029603	1.0
120	-0.469259	7.615158	2.159735	0.043704	1.0
121	-0.469838	6.894407	2.215539	0.048220	1.0
122	-0.469644	7.892090	2.139033	0.047999	1.0
123	-0.477304	7.506657	2.167955	0.046342	1.0
124	-0.494199	6.841372	2.219759	0.082728	1.0
125	-0.488830	6.109850	2.279656	0.050011	1.0
126	-0.465121	5.661918	2.317956	0.013312	1.0
127	-0.478278	5.265467	2.352943	0.044077	1.0
128	-0.480066	4.782576	2.397012	0.083273	1.0
129	-0.474891	4.051056	2.467008	0.070450	1.1
130	-0.448435	5.051056	2.372309	0.015798	1.0
131	-0.484785	5.701022	2.314561	0.072731	1.0
132	-0.481905	6.600366	2.239142	0.061714	1.0
133	-0.472410	7.600362	2.160852	0.035209	1.1
134	-0.493657	7.969704	2.133303	0.019107	1.1
135	-0.479668	7.589221	2.161694	0.051066	1.0
136	-0.461162	8.249432	2.112901	0.071742	1.0
137	-0.455230	9.249431	2.043051	0.074417	1.0
138	-0.476367	8.517910	2.093683	0.040430	0.9
139	-0.422069	9.517840	2.025083	0.015907	0.9
140	-0.470665	9.192228	2.046922	0.041221	1.0
141	-0.486377	9.841644	2.003821	0.033306	0.9
142	-0.430430	10.809391	1.942858	0.019575	0.9
143	-0.454761	10.170982	1.982650	0.078691	1.0
144	-0.441466	9.539294	2.023660	0.023382	1.1
145	-0.447714	8.808615	2.073265	0.039839	1.1
146	-0.464102	9.278021	2.041122	0.019566	1.0
147	-0.430511	8.860615	2.069654	0.052609	1.1
148	-0.454763	8.222193	2.114870	0.035848	1.0
149	-0.494230	7.905358	2.138051	0.077324	1.0
150	-0.448719	8.904758	2.066599	0.053181	1.1
151	-0.472094	8.173247	2.118418	0.044822	0.9
152	-0.450392	7.441776	2.172900	0.072714	0.9
153	-0.476724	6.710279	2.230261	0.071547	0.9
154	-0.485436	7.709901	2.152607	0.034081	1.0
155	-0.490352	6.978665	2.208867	0.050905	1.0
156	-0.430371	7.105937	2.198864	0.049188	1.0
157	-0.443921	6.469919	2.249775	0.039715	0.9
158	-0.434813	7.445197	2.172639	0.034377	1.0
159	-0.473133	8.326177	2.107371	0.059996	1.0
160	-0.428803	7.857259	2.141615	0.026343	0.8
161	-0.460094	7.289338	2.184609	0.049518	0.9
162	-0.477205	6.611014	2.238279	0.015107	1.0
163	-0.493827	7.182362	2.192902	0.045461	0.9
164	-0.473973	8.022271	2.129439	0.067420	1.0
165	-0.471297	7.290758	2.184499	0.071532	0.9
166	-0.489717	8.283610	2.110435	0.124017	1.0
167	-0.484895	9.283610	2.040746	0.057975	1.1
168	-0.470448	8.552127	2.091259	0.082489	1.0
169	-0.446629	7.893111	2.138958	0.054961	0.9
170	-0.468175	7.688867	2.154186	0.068343	1.0
171	-0.460744	8.608384	2.087285	0.037744	1.1
172	-0.479825	7.880231	2.139912	0.043879	0.9
173	-0.461603	7.477162	2.170200	0.012138	0.9
174	-0.473613	6.880468	2.216647	0.034587	0.9
175	-0.480635	6.420924	2.253795	0.053204	1.0
176	-0.502919	7.418399	2.174688	0.043729	0.9
177	-0.448896	6.998624	2.207292	0.034148	1.0
178	-0.441403	6.278923	2.265527	0.011990	1.1
179	-0.456189	6.874026	2.217159	0.023892	0.9
180	-0.478659	7.319963	2.182247	0.023424	1.0
181	-0.490447	7.747315	2.149806	0.043244	1.0
182	-0.444000	7.036874	2.204281	0.049269	1.0
183	-0.476236	8.032886	2.128660	0.030351	1.0
184	-0.500249	7.304509	2.183438	0.044522	0.9
185	-0.461017	6.599990	2.239173	0.050543	1.0
186	-0.477369	5.869264	2.300068	0.042699	0.9
187	-0.459255	5.139364	2.364294	0.056979	0.9
188	-0.461626	6.124404	2.278433	0.079293	0.9
189	-0.486877	7.124403	2.197421	0.060538	0.9
190	-0.474908	6.392881	2.256102	0.027683	1.0
191	-0.464852	7.340819	2.180641	0.096289	0.9
192	-0.440824	8.276248	2.110965	0.017799	0.9
193	-0.440392	9.265687	2.041954	0.038618	1.0
194	-0.469134	8.737936	2.078192	0.050852	1.1
195	-0.496191	9.736734	2.010661	0.066196	1.1
196	-0.491717	10.736731	1.947307	0.023510	0.9
197	-0.463254	11.313740	1.912535	0.050342	0.9
198	-0.444122	11.865201	1.880443	0.029047	0.9
199	-0.447492	12.856363	1.825392	0.024734	1.0
200	-0.463692	13.766827	1.777589	0.043734	0.9
201	-0.470523	13.750011	1.778450	0.009589	1.0
202	-0.465451	13.749022	1.778500	0.036041	0.9
203	-0.471816	14.232565	1.754092	0.072205	0.9
204	-0.459434	15.226550	1.705963	0.030374	0.9
205	-0.466171	14.505752	1.740595	0.050509	0.9
206	-0.494881	15.500236	1.693171	0.023401	0.9
207	-0.449247	14.935417	1.719784	0.043588	0.9
208	-0.470952	15.591969	1.688926	0.020336	1.0
209	-0.473953	15.375188	1.698992	0.091801	0.9
210	-0.475255	14.646121	1.733741	0.034393	1.0
211	-0.475815	14.074330	1.762005	0.094343	0.9
212	-0.507623	15.046406	1.714488	0.030515	1.0
213	-0.468691	15.619237	1.687669	0.010577	1.0
214	-0.462016	15.504515	1.692973	0.029952	0.9
215	-0.456470	15.148022	1.709669	0.100629	0.9
216	-0.494818	15.671426	1.685267	0.120182	0.9
217	-0.481842	14.939903	1.719569	0.062333	0.9
218	-0.472355	15.939903	1.673019	0.049952	0.9
219	-0.492877	15.212472	1.706626	0.005412	0.9
220	-0.495874	14.951410	1.719019	0.099065	0.9
221	-0.443850	15.752421	1.681553	0.050692	0.9
222	-0.448886	15.026404	1.715440	0.083620	1.0
223	-0.467013	16.025974	1.669129	0.044651	1.0
224	-0.452767	15.295467	1.702723	0.050041	0.9
225	-0.447140	16.288374	1.657384	0.035200	1.0
226	-0.457130	16.632930	1.642209	0.067074	1.0
227	-0.498148	17.191314	1.618199	0.044010	0.8
228	-0.482300	16.459889	1.649795	0.042463	1.0
229	-0.474400	16.032835	1.668820	0.033077	0.8
230	-0.454491	15.643673	1.686543	0.037438	1.0
231	-0.466036	16.497803	1.648127	0.115191	1.0
232	-0.488240	15.766281	1.680919	0.091817	1.0
233	-0.464477	15.034759	1.715043	0.036910	0.9
234	-0.459478	16.034755	1.668734	0.038926	1.0
235	-0.455465	15.371678	1.699156	0.021630	0.9
236	-0.503538	14.712173	1.730534	0.034091	0.9
237	-0.481287	14.034036	1.764032	0.033712	1.0
238	-0.451382	14.909960	1.721003	0.116888	0.9
239	-0.492418	15.909960	1.674376	0.095143	0.9
240	-0.445329	15.178440	1.708231	0.070054	0.9
241	-0.469662	14.446927	1.743484	0.053133	0.9
242	-0.467070	13.715408	1.780222	0.051093	0.9
243	-0.475879	14.704962	1.730884	0.014940	1.0
244	-0.501724	15.571665	1.689864	0.066480	0.9
245	-0.474170	15.145749	1.709776	0.069413	0.9
246	-0.431283	14.414227	1.745094	0.042255	0.9
247	-0.466922	13.683047	1.781883	0.036250	0.8
248	-0.466333	12.971777	1.819191	0.096975	0.9
249	-0.466023	12.245544	1.858930	0.046783	0.9
250	-0.473882	11.514044	1.900752	0.014887	0.9
251	-0.470641	11.880850	1.879548	0.054689	0.9
252	-0.437450	12.111004	1.866484	0.062615	0.9
253	-0.462402	13.109119	1.811866	0.087883	0.9
254	-0.473257	14.109119	1.760259	0.042840	1.0
255	-0.448215	13.377632	1.797714	0.081385	0.9
Time spent in resolution 3 (ITK initialization and iterating): 0.287 s.
Stopping condition: Maximum number of iterations has been reached.
Settings of AdaptiveStochasticGradientDescent in resolution 3:
( SP_a 61.801144 )
( SP_A 20.000000 )
( SP_alpha 1.000000 )
( SigmoidMax 1.000000 )
( SigmoidMin -0.731522 )
( SigmoidScale 0.000222 )



=============== start of TransformParameterFile ===============
(Transform "EulerTransform")
(NumberOfParameters 3)
(TransformParameters -0.144664 -0.985654 -0.736176)
(InitialTransformParametersFileName "NoInitialTransform")
(UseBinaryFormatForTransformationParameters "false")
(HowToCombineTransforms "Compose")

// Image specific
(FixedImageDimension 2)
(MovingImageDimension 2)
(FixedInternalImagePixelType "float")
(MovingInternalImagePixelType "float")
(Size 256 256)
(Index 0 0)
(Spacing 1.0000000000 1.0000000000)
(Origin 0.0000000000 0.0000000000)
(Direction 1.0000000000 0.0000000000 0.0000000000 1.0000000000)
(UseDirectionCosines "true")

// EulerTransform specific
(CenterOfRotationPoint 127.5000000000 127.5000000000)

// ResampleInterpolator specific
(ResampleInterpolator "FinalBSplineInterpolator")
(FinalBSplineInterpolationOrder 3)

// Resampler specific
(Resampler "DefaultResampler")
(DefaultPixelValue 0.000000)
(ResultImageFormat "nii")
(ResultImagePixelType "float")
(CompressResultImage "false")

=============== end of TransformParameterFile ===============

Creating the TransformParameterFile took 0.00s

Registration result checksum: 1337458713

Final metric value  = -0.448215
Settings of AdaptiveStochasticGradientDescent for all resolutions:
( SP_a 741.032789 233.168048 128.497416 61.801144 )
( SP_A 20.000000 20.000000 20.000000 20.000000 )
( SP_alpha 1.000000 1.000000 1.000000 1.000000 )
( SigmoidMax 1.000000 1.000000 1.000000 1.000000 )
( SigmoidMin -0.140150 -0.825271 -0.683240 -0.731522 )
( SigmoidScale 0.000001 0.000011 0.000057 0.000222 )

Time spent on saving the results, applying the final transform etc.: 6 ms.
